git pulling last changes
git pulling last changes
Already up to date.
Building Ninho Application
WARNING: An illegal reflective access operation has occurred
WARNING: Illegal reflective access by com.google.inject.internal.cglib.core.$ReflectUtils$1 (file:/usr/share/maven/lib/guice.jar) to method java.lang.ClassLoader.defineClass(java.lang.String,byte[],int,int,java.security.ProtectionDomain)
WARNING: Please consider reporting this to the maintainers of com.google.inject.internal.cglib.core.$ReflectUtils$1
WARNING: Use --illegal-access=warn to enable warnings of further illegal reflective access operations
WARNING: All illegal access operations will be denied in a future release
[[1;34mINFO[m] Scanning for projects...
[[1;34mINFO[m] 
[[1;34mINFO[m] [1m------------------------< [0;36mbr.com.mercare:ninho[0;1m >------------------------[m
[[1;34mINFO[m] [1mBuilding Mercare Sistema Ninho 1.0[m
[[1;34mINFO[m] [1m--------------------------------[ war ]---------------------------------[m
[[1;33mWARNING[m] The POM for com.sun.xml.bind:jaxb-core:jar:2.2.11 is invalid, transitive dependencies (if any) will not be available, enable debug logging for more details
[[1;33mWARNING[m] The POM for com.sun.xml.bind:jaxb-impl:jar:2.2.11 is invalid, transitive dependencies (if any) will not be available, enable debug logging for more details
[[1;34mINFO[m] 
[[1;34mINFO[m] [1m--- [0;32mmaven-clean-plugin:3.0.0:clean[m [1m(default-clean)[m @ [36mninho[0;1m ---[m
[[1;34mINFO[m] Deleting /home/marcosd/Documentos/me/mercare/sistema-ninho/repositorio/sistema-ninho/application/target
[[1;34mINFO[m] 
[[1;34mINFO[m] [1m--- [0;32mgit-commit-id-plugin:2.2.4:revision[m [1m(default)[m @ [36mninho[0;1m ---[m
[[1;34mINFO[m] 
[[1;34mINFO[m] [1m--- [0;32mgit-commit-id-plugin:2.2.4:revision[m [1m(get-the-git-infos)[m @ [36mninho[0;1m ---[m
[[1;34mINFO[m] 
[[1;34mINFO[m] [1m--- [0;32mmaven-resources-plugin:3.0.2:resources[m [1m(default-resources)[m @ [36mninho[0;1m ---[m
[[1;34mINFO[m] Using 'UTF-8' encoding to copy filtered resources.
[[1;34mINFO[m] Copying 89 resources
[[1;34mINFO[m] 
[[1;34mINFO[m] [1m--- [0;32mmaven-compiler-plugin:3.7.0:compile[m [1m(default-compile)[m @ [36mninho[0;1m ---[m
[[1;34mINFO[m] Changes detected - recompiling the module!
[[1;34mINFO[m] Compiling 178 source files to /home/marcosd/Documentos/me/mercare/sistema-ninho/repositorio/sistema-ninho/application/target/classes
[[1;33mWARNING[m] Unable to autodetect 'javac' path, using 'javac' from the environment.
Destroying 1 processes
Destroying process..
Destroyed 1 processes
